#
# There is insufficient memory for the Java Runtime Environment to continue.
# Native memory allocation (malloc) failed to allocate 1048576 bytes for AllocateHeap
# Possible reasons:
#   The system is out of physical RAM or swap space
#   In 32 bit mode, the process size limit was hit
# Possible solutions:
#   Reduce memory load on the system
#   Increase physical memory or swap space
#   Check if swap backing store is full
#   Use 64 bit Java on a 64 bit OS
#   Decrease Java heap size (-Xmx/-Xms)
#   Decrease number of Java threads
#   Decrease Java thread stack sizes (-Xss)
#   Set larger code cache with -XX:ReservedCodeCacheSize=
# This output file may be truncated or incomplete.
#
#  Out of Memory Error (memory/allocation.inline.hpp:61), pid=4844, tid=0x0000000000001c4c
#
# JRE version:  (8.0_191-b12) (build )
# Java VM: Java HotSpot(TM) 64-Bit Server VM (25.191-b12 mixed mode windows-amd64 compressed oops)
# Failed to write core dump. Minidumps are not enabled by default on client versions of Windows
#

---------------  T H R E A D  ---------------

Current thread (0x0000000002d9d800):  JavaThread "Unknown thread" [_thread_in_vm, id=7244, stack(0x0000000002e60000,0x0000000002f60000)]

Stack: [0x0000000002e60000,0x0000000002f60000]
[error occurred during error reporting (printing stack bounds), id 0xc0000005]

Native frames: (J=compiled Java code, j=interpreted, Vv=VM code, C=native code)


---------------  P R O C E S S  ---------------

Java Threads: ( => current thread )

Other Threads:

=>0x0000000002d9d800 (exited) JavaThread "Unknown thread" [_thread_in_vm, id=7244, stack(0x0000000002e60000,0x0000000002f60000)]

VM state:not at safepoint (normal execution)

VM Mutex/Monitor currently owned by a thread: None

Heap:
 PSYoungGen      total 18944K, used 327K [0x00000000eb200000, 0x00000000ec700000, 0x0000000100000000)
  eden space 16384K, 2% used [0x00000000eb200000,0x00000000eb251ec8,0x00000000ec200000)
  from space 2560K, 0% used [0x00000000ec480000,0x00000000ec480000,0x00000000ec700000)
  to   space 2560K, 0% used [0x00000000ec200000,0x00000000ec200000,0x00000000ec480000)
 ParOldGen       total 44032K, used 0K [0x00000000c1600000, 0x00000000c4100000, 0x00000000eb200000)
  object space 44032K, 0% used [0x00000000c1600000,0x00000000c1600000,0x00000000c4100000)
 Metaspace       used 751K, capacity 4480K, committed 4480K, reserved 1056768K
  class space    used 76K, capacity 384K, committed 384K, reserved 1048576K

Card table byte_map: [0x0000000012420000,0x0000000012620000] byte_map_base: 0x0000000011e15000

Marking Bits: (ParMarkBitMap*) 0x000000005cae3e30
 Begin Bits: [0x0000000012b70000, 0x0000000013b18000)
 End Bits:   [0x0000000013b18000, 0x0000000014ac0000)

Polling page: 0x00000000016c0000

CodeCache: size=245760Kb used=328Kb max_used=328Kb free=245431Kb
 bounds [0x0000000003060000, 0x00000000032d0000, 0x0000000012060000]
 total_blobs=58 nmethods=0 adapters=38
 compilation: enabled

Compilation events (0 events):
No events

GC Heap History (0 events):
No events

Deoptimization events (0 events):
No events

Classes redefined (0 events):
No events

Internal exceptions (0 events):
No events

Events (10 events):
Event: 0.032 loading class java/lang/Short
Event: 0.032 loading class java/lang/Short done
Event: 0.032 loading class java/lang/Integer
Event: 0.033 loading class java/lang/Integer done
Event: 0.033 loading class java/lang/Long
Event: 0.033 loading class java/lang/Long done
Event: 0.034 loading class java/lang/NullPointerException
Event: 0.034 loading class java/lang/NullPointerException done
Event: 0.034 loading class java/lang/ArithmeticException
Event: 0.034 loading class java/lang/ArithmeticException done


Dynamic libraries:
0x00007ff777c60000 - 0x00007ff777c97000 	C:\Program Files\Java\jre1.8.0_191\bin\javaw.exe
0x00007ffee8760000 - 0x00007ffee8930000 	C:\Windows\SYSTEM32\ntdll.dll
0x00007ffee83b0000 - 0x00007ffee845c000 	C:\Windows\System32\KERNEL32.DLL
0x00007ffee5800000 - 0x00007ffee5a1d000 	C:\Windows\System32\KERNELBASE.dll
0x00007ffee7a40000 - 0x00007ffee7ae2000 	C:\Windows\System32\ADVAPI32.dll
0x00007ffee5e00000 - 0x00007ffee5e9e000 	C:\Windows\System32\msvcrt.dll
0x00007ffee7af0000 - 0x00007ffee7b49000 	C:\Windows\System32\sechost.dll
0x00007ffee7dc0000 - 0x00007ffee7ee1000 	C:\Windows\System32\RPCRT4.dll
0x00007ffee7f00000 - 0x00007ffee8065000 	C:\Windows\System32\USER32.dll
0x00007ffee4e10000 - 0x00007ffee4e2e000 	C:\Windows\System32\win32u.dll
0x00007ffee7b60000 - 0x00007ffee7b94000 	C:\Windows\System32\GDI32.dll
0x00007ffee4f30000 - 0x00007ffee50b1000 	C:\Windows\System32\gdi32full.dll
0x00007ffedbd90000 - 0x00007ffedc00a000 	C:\Windows\WinSxS\amd64_microsoft.windows.common-controls_6595b64144ccf1df_6.0.14393.2608_none_7ddacc7e8347078e\COMCTL32.dll
0x00007ffee8070000 - 0x00007ffee8335000 	C:\Windows\System32\combase.dll
0x00007ffee4e30000 - 0x00007ffee4f24000 	C:\Windows\System32\ucrtbase.dll
0x00007ffee4da0000 - 0x00007ffee4e0a000 	C:\Windows\System32\bcryptPrimitives.dll
0x00007ffee8710000 - 0x00007ffee873e000 	C:\Windows\System32\IMM32.DLL
0x00007ffee4ac0000 - 0x00007ffee4af6000 	C:\Windows\system32\DriverStore\FileRepository\nvami.inf_amd64_1474122a0ce2f241\nvinitx.dll
0x00007ffee4ab0000 - 0x00007ffee4aba000 	C:\Windows\SYSTEM32\VERSION.dll
0x00007ffee5ea0000 - 0x00007ffee73a5000 	C:\Windows\System32\Shell32.dll
0x00007ffee5ca0000 - 0x00007ffee5ce2000 	C:\Windows\System32\cfgmgr32.dll
0x00007ffee50c0000 - 0x00007ffee5799000 	C:\Windows\System32\windows.storage.dll
0x00007ffee4be0000 - 0x00007ffee4c2c000 	C:\Windows\System32\powrprof.dll
0x00007ffee74f0000 - 0x00007ffee7542000 	C:\Windows\System32\shlwapi.dll
0x00007ffee4bd0000 - 0x00007ffee4bdf000 	C:\Windows\System32\kernel.appcore.dll
0x00007ffee5bf0000 - 0x00007ffee5c99000 	C:\Windows\System32\shcore.dll
0x00007ffee4c30000 - 0x00007ffee4c44000 	C:\Windows\System32\profapi.dll
0x000000005fb80000 - 0x000000005fb86000 	C:\Program Files\NVIDIA Corporation\CoProcManager\_etoured.dll
0x00007ffedfca0000 - 0x00007ffedfce3000 	C:\Program Files\NVIDIA Corporation\CoProcManager\nvd3d9wrapx.dll
0x00007ffee75b0000 - 0x00007ffee79d9000 	C:\Windows\System32\SETUPAPI.dll
0x00007ffedfc70000 - 0x00007ffedfc9d000 	C:\Program Files\NVIDIA Corporation\CoProcManager\nvdxgiwrapx.dll
0x000000005c100000 - 0x000000005c1d2000 	C:\Program Files\Java\jre1.8.0_191\bin\msvcr100.dll
0x000000005c2c0000 - 0x000000005cb64000 	C:\Program Files\Java\jre1.8.0_191\bin\server\jvm.dll
0x00007ffee7ef0000 - 0x00007ffee7ef8000 	C:\Windows\System32\PSAPI.DLL
0x00007ffedae70000 - 0x00007ffedae79000 	C:\Windows\SYSTEM32\WSOCK32.dll
0x00007ffee2c60000 - 0x00007ffee2c83000 	C:\Windows\SYSTEM32\WINMM.dll
0x00007ffee8340000 - 0x00007ffee83aa000 	C:\Windows\System32\WS2_32.dll
0x0000000002c70000 - 0x0000000002c9b000 	C:\Windows\SYSTEM32\WINMMBASE.dll
0x000000005c2b0000 - 0x000000005c2bf000 	C:\Program Files\Java\jre1.8.0_191\bin\verify.dll
0x000000005c280000 - 0x000000005c2a9000 	C:\Program Files\Java\jre1.8.0_191\bin\java.dll
0x000000005c260000 - 0x000000005c276000 	C:\Program Files\Java\jre1.8.0_191\bin\zip.dll

VM Arguments:
jvm_args: -Dfile.encoding=Cp1251 
java_command: Task2_92
java_class_path (initial): C:\Users\Owner\eclipse-workspace\HomeTask2\bin
Launcher Type: SUN_STANDARD

Environment Variables:
JAVA_HOME=C:\Program Files\Java\jre1.8.0_191
CLASSPATH=C:\Program Files\Java\jre1.8.0_191\lib
PATH=C:/Program Files/Java/jre1.8.0_191/bin/server;C:/Program Files/Java/jre1.8.0_191/bin;C:/Program Files/Java/jre1.8.0_191/lib/amd64;C:\Program Files\Java\jre1.8.0_191\bin;C:\Windows\system32;C:\Windows;C:\Windows\System32\Wbem;C:\Windows\System32\WindowsPowerShell\v1.0\;C:\Program Files (x86)\NVIDIA Corporation\PhysX\Common;C:\Program Files\dotnet\;C:\Program Files\Microsoft SQL Server\130\Tools\Binn\;C:\Program Files\Microsoft SQL Server\Client SDK\ODBC\110\Tools\Binn\;C:\Program Files (x86)\Microsoft SQL Server\120\Tools\Binn\;C:\Program Files\Microsoft SQL Server\120\Tools\Binn\;C:\Program Files\Microsoft SQL Server\120\DTS\Binn\;C:\Program Files (x86)\Microsoft SQL Server\120\Tools\Binn\ManagementStudio\;C:\Program Files (x86)\Microsoft SQL Server\120\DTS\Binn\;C:\Users\Owner\AppData\Local\Microsoft\WindowsApps;;C:\Users\Owner\Desktop;
USERNAME=Owner
OS=Windows_NT
PROCESSOR_IDENTIFIER=Intel64 Family 6 Model 42 Stepping 7, GenuineIntel



---------------  S Y S T E M  ---------------

OS: Windows 10.0 , 64 bit Build 14393 (10.0.14393.2608)

CPU:total 4 (initial active 4) (2 cores per cpu, 2 threads per core) family 6 model 42 stepping 7, cmov, cx8, fxsr, mmx, sse, sse2, sse3, ssse3, sse4.1, sse4.2, popcnt, avx, clmul, ht, tsc, tscinvbit

Memory: 4k page, physical 4102864k(1177228k free), swap 5151440k(5764k free)

vm_info: Java HotSpot(TM) 64-Bit Server VM (25.191-b12) for windows-amd64 JRE (1.8.0_191-b12), built on Oct  6 2018 09:29:03 by "java_re" with MS VC++ 10.0 (VS2010)

time: Sun Feb 10 15:46:30 2019
elapsed time: 0 seconds (0d 0h 0m 0s)

